# JRE version: Java(TM) SE Runtime Environment (21.0.8+12) (build 21.0.8+12-LTS-250)
# Java VM: Java HotSpot(TM) 64-Bit Server VM (21.0.8+12-LTS-250, mixed mode, emulated-client, sharing, tiered, compressed oops, compressed class ptrs, g1 gc, windows-amd64)
GC Precious Log:
 CardTable entry size: 512
 Card Set container configuration: InlinePtr #cards 5 size 8 Array Of Cards #cards 12 size 40 Howl #buckets 4 coarsen threshold 1843 Howl Bitmap #cards 512 size 80 coarsen threshold 460 Card regions per heap region 1 cards per card region 2048
 CPUs: 12 total, 12 available
 Memory: 7530M
 Large Page Support: Disabled
 NUMA Support: Disabled
 Compressed Oops: Enabled (32-bit)
 Heap Region Size: 1M
 Heap Min Capacity: 8M
 Heap Initial Capacity: 118M
 Heap Max Capacity: 1884M
 Pre-touch: Disabled
 Parallel Workers: 10
 Concurrent Workers: 3
 Concurrent Refinement Workers: 10
 Periodic GC: Disabled
Heap:
 garbage-first heap   total 190464K, used 73222K [0x000000008a400000, 0x0000000100000000)
  region size 1024K, 1 young (1024K), 1 survivors (1024K)
 Metaspace       used 39445K, committed 40384K, reserved 1114112K
  class space    used 5181K, committed 5568K, reserved 1048576K
GC Heap History (20 events):
Event: 784.992 GC heap after
{Heap after GC invocations=39 (full 0):
 garbage-first heap   total 167936K, used 38568K [0x000000008a400000, 0x0000000100000000)
  region size 1024K, 1 young (1024K), 1 survivors (1024K)
 Metaspace       used 39445K, committed 40384K, reserved 1114112K
  class space    used 5181K, committed 5568K, reserved 1048576K
}
Event: 785.950 GC heap before
{Heap before GC invocations=39 (full 0):
 garbage-first heap   total 167936K, used 137896K [0x000000008a400000, 0x0000000100000000)
  region size 1024K, 98 young (100352K), 1 survivors (1024K)
 Metaspace       used 39445K, committed 40384K, reserved 1114112K
  class space    used 5181K, committed 5568K, reserved 1048576K
}
Event: 785.956 GC heap after
{Heap after GC invocations=40 (full 0):
 garbage-first heap   total 167936K, used 38632K [0x000000008a400000, 0x0000000100000000)
  region size 1024K, 1 young (1024K), 1 survivors (1024K)
 Metaspace       used 39445K, committed 40384K, reserved 1114112K
  class space    used 5181K, committed 5568K, reserved 1048576K
}
Event: 788.173 GC heap before
{Heap before GC invocations=41 (full 0):
 garbage-first heap   total 147456K, used 125672K [0x000000008a400000, 0x0000000100000000)
  region size 1024K, 86 young (88064K), 1 survivors (1024K)
 Metaspace       used 39445K, committed 40384K, reserved 1114112K
  class space    used 5181K, committed 5568K, reserved 1048576K
}
Event: 788.189 GC heap after
{Heap after GC invocations=42 (full 0):
 garbage-first heap   total 190464K, used 50641K [0x000000008a400000, 0x0000000100000000)
  region size 1024K, 11 young (11264K), 11 survivors (11264K)
 Metaspace       used 39445K, committed 40384K, reserved 1114112K
  class space    used 5181K, committed 5568K, reserved 1048576K
}
Event: 788.844 GC heap before
{Heap before GC invocations=42 (full 0):
 garbage-first heap   total 190464K, used 152017K [0x000000008a400000, 0x0000000100000000)
  region size 1024K, 111 young (113664K), 11 survivors (11264K)
 Metaspace       used 39445K, committed 40384K, reserved 1114112K
  class space    used 5181K, committed 5568K, reserved 1048576K
}
Event: 788.866 GC heap after
{Heap after GC invocations=43 (full 0):
 garbage-first heap   total 190464K, used 62073K [0x000000008a400000, 0x0000000100000000)
  region size 1024K, 13 young (13312K), 13 survivors (13312K)
 Metaspace       used 39445K, committed 40384K, reserved 1114112K
  class space    used 5181K, committed 5568K, reserved 1048576K
}
Event: 789.316 GC heap before
{Heap before GC invocations=43 (full 0):
 garbage-first heap   total 190464K, used 162425K [0x000000008a400000, 0x0000000100000000)
  region size 1024K, 111 young (113664K), 13 survivors (13312K)
 Metaspace       used 39445K, committed 40384K, reserved 1114112K
  class space    used 5181K, committed 5568K, reserved 1048576K
}
Event: 789.328 GC heap after
{Heap after GC invocations=44 (full 0):
 garbage-first heap   total 190464K, used 64427K [0x000000008a400000, 0x0000000100000000)
  region size 1024K, 2 young (2048K), 2 survivors (2048K)
 Metaspace       used 39445K, committed 40384K, reserved 1114112K
  class space    used 5181K, committed 5568K, reserved 1048576K
}
Event: 789.822 GC heap before
{Heap before GC invocations=45 (full 0):
 garbage-first heap   total 190464K, used 159659K [0x000000008a400000, 0x0000000100000000)
  region size 1024K, 104 young (106496K), 2 survivors (2048K)
 Metaspace       used 39445K, committed 40384K, reserved 1114112K
  class space    used 5181K, committed 5568K, reserved 1048576K
}
Event: 789.825 GC heap after
{Heap after GC invocations=46 (full 0):
 garbage-first heap   total 190464K, used 53729K [0x000000008a400000, 0x0000000100000000)
  region size 1024K, 1 young (1024K), 1 survivors (1024K)
 Metaspace       used 39445K, committed 40384K, reserved 1114112K
  class space    used 5181K, committed 5568K, reserved 1048576K
}
Event: 790.293 GC heap before
{Heap before GC invocations=46 (full 0):
 garbage-first heap   total 190464K, used 165345K [0x000000008a400000, 0x0000000100000000)
  region size 1024K, 111 young (113664K), 1 survivors (1024K)
 Metaspace       used 39445K, committed 40384K, reserved 1114112K
  class space    used 5181K, committed 5568K, reserved 1048576K
}
Event: 790.307 GC heap after
{Heap after GC invocations=47 (full 0):
 garbage-first heap   total 190464K, used 62420K [0x000000008a400000, 0x0000000100000000)
  region size 1024K, 13 young (13312K), 13 survivors (13312K)
 Metaspace       used 39445K, committed 40384K, reserved 1114112K
  class space    used 5181K, committed 5568K, reserved 1048576K
}
Event: 790.851 GC heap before
{Heap before GC invocations=47 (full 0):
 garbage-first heap   total 190464K, used 162772K [0x000000008a400000, 0x0000000100000000)
  region size 1024K, 111 young (113664K), 13 survivors (13312K)
 Metaspace       used 39445K, committed 40384K, reserved 1114112K
  class space    used 5181K, committed 5568K, reserved 1048576K
}
Event: 790.865 GC heap after
{Heap after GC invocations=48 (full 0):
 garbage-first heap   total 190464K, used 66560K [0x000000008a400000, 0x0000000100000000)
  region size 1024K, 4 young (4096K), 4 survivors (4096K)
 Metaspace       used 39445K, committed 40384K, reserved 1114112K
  class space    used 5181K, committed 5568K, reserved 1048576K
}
Event: 791.277 GC heap before
{Heap before GC invocations=49 (full 0):
 garbage-first heap   total 190464K, used 168960K [0x000000008a400000, 0x0000000100000000)
  region size 1024K, 104 young (106496K), 4 survivors (4096K)
 Metaspace       used 39445K, committed 40384K, reserved 1114112K
  class space    used 5181K, committed 5568K, reserved 1048576K
}
Event: 791.291 GC heap after
{Heap after GC invocations=50 (full 0):
 garbage-first heap   total 190464K, used 75421K [0x000000008a400000, 0x0000000100000000)
  region size 1024K, 13 young (13312K), 13 survivors (13312K)
 Metaspace       used 39445K, committed 40384K, reserved 1114112K
  class space    used 5181K, committed 5568K, reserved 1048576K
}
Event: 791.549 GC heap before
{Heap before GC invocations=50 (full 0):
 garbage-first heap   total 190464K, used 166557K [0x000000008a400000, 0x0000000100000000)
  region size 1024K, 102 young (104448K), 13 survivors (13312K)
 Metaspace       used 39445K, committed 40384K, reserved 1114112K
  class space    used 5181K, committed 5568K, reserved 1048576K
}
Event: 791.567 GC heap after
{Heap after GC invocations=51 (full 0):
 garbage-first heap   total 190464K, used 74488K [0x000000008a400000, 0x0000000100000000)
  region size 1024K, 2 young (2048K), 2 survivors (2048K)
 Metaspace       used 39445K, committed 40384K, reserved 1114112K
  class space    used 5181K, committed 5568K, reserved 1048576K
}
Event: 791.845 GC heap before
{Heap before GC invocations=51 (full 0):
 garbage-first heap   total 190464K, used 170744K [0x000000008a400000, 0x0000000100000000)
  region size 1024K, 96 young (98304K), 2 survivors (2048K)
 Metaspace       used 39445K, committed 40384K, reserved 1114112K
  class space    used 5181K, committed 5568K, reserved 1048576K
}

